d:\documents\visual studio 2015\projects\文本相似度\文本相似度\release\vc140.pdb
d:\documents\visual studio 2015\projects\文本相似度\文本相似度\release\textsimilarity.obj
d:\documents\visual studio 2015\projects\文本相似度\文本相似度\release\test.obj
d:\documents\visual studio 2015\projects\文本相似度\文本相似度\release\文本相似度.exe
d:\documents\visual studio 2015\projects\文本相似度\文本相似度\release\文本相似度.ipdb
d:\documents\visual studio 2015\projects\文本相似度\文本相似度\release\文本相似度.iobj
d:\documents\visual studio 2015\projects\文本相似度\文本相似度\release\文本相似度.pdb
d:\documents\visual studio 2015\projects\数据相似度检测\数据相似度检测\release\test.obj
d:\documents\visual studio 2015\projects\数据相似度检测\数据相似度检测\release\textsimilarity.obj
d:\documents\visual studio 2015\projects\数据相似度检测\数据相似度检测\release\文本相似度.ipdb
d:\documents\visual studio 2015\projects\数据相似度检测\数据相似度检测\release\文本相似度.iobj
d:\documents\visual studio 2015\projects\数据相似度检测\数据相似度检测\release\vc140.pdb
d:\documents\visual studio 2015\projects\数据相似度检测\数据相似度检测\release\文本相似度.pdb
d:\documents\visual studio 2015\projects\数据相似度检测\数据相似度检测\release\文本相似度.exe
d:\documents\visual studio 2015\projects\数据相似度检测\数据相似度检测\release\文本相似度.tlog\cl.command.1.tlog
d:\documents\visual studio 2015\projects\数据相似度检测\数据相似度检测\release\文本相似度.tlog\cl.read.1.tlog
d:\documents\visual studio 2015\projects\数据相似度检测\数据相似度检测\release\文本相似度.tlog\cl.write.1.tlog
d:\documents\visual studio 2015\projects\数据相似度检测\数据相似度检测\release\文本相似度.tlog\link.command.1.tlog
d:\documents\visual studio 2015\projects\数据相似度检测\数据相似度检测\release\文本相似度.tlog\link.read.1.tlog
d:\documents\visual studio 2015\projects\数据相似度检测\数据相似度检测\release\文本相似度.tlog\link.write.1.tlog
